<?xml version="1.0" encoding="UTF-8" ?>
<testsuite tests="10" failures="0" name="circulo.AroTest" time="0.019" errors="0" skipped="0">
  <properties>
    <property name="java.runtime.name" value="Java(TM) SE Runtime Environment"/>
    <property name="java.vm.version" value="17.0.2+8-LTS-86"/>
    <property name="sun.boot.library.path" value="/usr/lib/jvm/jdk-17/lib"/>
    <property name="maven.multiModuleProjectDirectory" value="/home/isaac/NetBeansProjects/proxectoAro"/>
    <property name="java.vm.vendor" value="Oracle Corporation"/>
    <property name="java.vendor.url" value="https://java.oracle.com/"/>
    <property name="guice.disable.misplaced.annotation.check" value="true"/>
    <property name="path.separator" value=":"/>
    <property name="java.vm.name" value="Java HotSpot(TM) 64-Bit Server VM"/>
    <property name="user.country" value="ES"/>
    <property name="sun.java.launcher" value="SUN_STANDARD"/>
    <property name="test" value="circulo.AroTest"/>
    <property name="java.vm.specification.name" value="Java Virtual Machine Specification"/>
    <property name="user.dir" value="/home/isaac/NetBeansProjects/proxectoAro"/>
    <property name="java.vm.compressedOopsMode" value="32-bit"/>
    <property name="java.runtime.version" value="17.0.2+8-LTS-86"/>
    <property name="os.arch" value="amd64"/>
    <property name="java.io.tmpdir" value="/tmp"/>
    <property name="line.separator" value="
"/>
    <property name="java.vm.specification.vendor" value="Oracle Corporation"/>
    <property name="os.name" value="Linux"/>
    <property name="maven.ext.class.path" value="/usr/local/netbeans-12.6/netbeans/java/maven-nblib/netbeans-eventspy.jar"/>
    <property name="classworlds.conf" value="/usr/local/netbeans-12.6/netbeans/java/maven/bin/m2.conf"/>
    <property name="sun.jnu.encoding" value="UTF-8"/>
    <property name="java.library.path" value="/usr/java/packages/lib:/usr/lib64:/lib64:/lib:/usr/lib"/>
    <property name="maven.conf" value="/usr/local/netbeans-12.6/netbeans/java/maven/conf"/>
    <property name="jdk.debug" value="release"/>
    <property name="java.class.version" value="61.0"/>
    <property name="java.specification.name" value="Java Platform API Specification"/>
    <property name="sun.management.compiler" value="HotSpot 64-Bit Tiered Compilers"/>
    <property name="os.version" value="5.4.0-100-generic"/>
    <property name="library.jansi.path" value="/usr/local/netbeans-12.6/netbeans/java/maven/lib/jansi-native"/>
    <property name="user.home" value="/home/isaac"/>
    <property name="user.timezone" value="Europe/Madrid"/>
    <property name="file.encoding" value="UTF-8"/>
    <property name="java.specification.version" value="17"/>
    <property name="user.name" value="isaac"/>
    <property name="java.class.path" value="/usr/local/netbeans-12.6/netbeans/java/maven/boot/plexus-classworlds-2.6.0.jar"/>
    <property name="java.vm.specification.version" value="17"/>
    <property name="sun.arch.data.model" value="64"/>
    <property name="sun.java.command" value="org.codehaus.plexus.classworlds.launcher.Launcher -Dtest=circulo.AroTest -Dmaven.ext.class.path=/usr/local/netbeans-12.6/netbeans/java/maven-nblib/netbeans-eventspy.jar surefire:test"/>
    <property name="java.home" value="/usr/lib/jvm/jdk-17"/>
    <property name="user.language" value="es"/>
    <property name="java.specification.vendor" value="Oracle Corporation"/>
    <property name="java.vm.info" value="mixed mode, sharing"/>
    <property name="java.version" value="17.0.2"/>
    <property name="native.encoding" value="UTF-8"/>
    <property name="securerandom.source" value="file:/dev/./urandom"/>
    <property name="java.vendor" value="Oracle Corporation"/>
    <property name="maven.home" value="/usr/local/netbeans-12.6/netbeans/java/maven"/>
    <property name="file.separator" value="/"/>
    <property name="java.version.date" value="2022-01-18"/>
    <property name="java.vendor.url.bug" value="https://bugreport.java.com/bugreport/"/>
    <property name="sun.io.unicode.encoding" value="UnicodeLittle"/>
    <property name="sun.cpu.endian" value="little"/>
  </properties>
  <testcase classname="circulo.AroTest" name="circulo.AroTest.testEstablecerX" time="0.005"/>
  <testcase classname="circulo.AroTest" name="circulo.AroTest.testObterX" time="0.003"/>
  <testcase classname="circulo.AroTest" name="circulo.AroTest.testEstablecerY" time="0.003"/>
  <testcase classname="circulo.AroTest" name="circulo.AroTest.testObterY" time="0.001"/>
  <testcase classname="circulo.AroTest" name="circulo.AroTest.testEstablecerRadio" time="0.001"/>
  <testcase classname="circulo.AroTest" name="circulo.AroTest.testObterRadio" time="0.003"/>
  <testcase classname="circulo.AroTest" name="circulo.AroTest.testObterDiametro" time="0"/>
  <testcase classname="circulo.AroTest" name="circulo.AroTest.testObterCircunferencia" time="0"/>
  <testcase classname="circulo.AroTest" name="circulo.AroTest.testObterSuperficie" time="0.002"/>
  <testcase classname="circulo.AroTest" name="circulo.AroTest.testTrasladarCentro" time="0.001"/>
</testsuite>